<?xml version="1.0" encoding="UTF-8"?>
<testng-results ignored="0" total="1" passed="1" failed="0" skipped="0">
  <reporter-output>
  </reporter-output>
  <suite started-at="2021-11-23T05:35:21Z" name="Default suite" finished-at="2021-11-23T05:35:29Z" duration-ms="7068">
    <groups>
    </groups>
    <test started-at="2021-11-23T05:35:21Z" name="Default test" finished-at="2021-11-23T05:35:29Z" duration-ms="7068">
      <class name="test.AddContactTest">
        <test-method signature="validUserShoudBeAbleToAddCustomer()[pri:0, instance:test.AddContactTest@7817fd62]" started-at="2021-11-23T05:35:22Z" name="validUserShoudBeAbleToAddCustomer" finished-at="2021-11-23T05:35:29Z" duration-ms="7027" status="PASS">
          <reporter-output>
          </reporter-output>
        </test-method> <!-- validUserShoudBeAbleToAddCustomer -->
      </class> <!-- test.AddContactTest -->
    </test> <!-- Default test -->
  </suite> <!-- Default suite -->
</testng-results>
